2021-04-28 13:01:19,743 INFO  [org.jboss.modules] (main) JBoss Modules version 1.8.6.Final
2021-04-28 13:01:21,355 INFO  [org.jboss.msc] (main) JBoss MSC version 1.4.3.Final
2021-04-28 13:01:21,406 INFO  [org.jboss.threads] (main) JBoss Threads version 2.3.2.Final
2021-04-28 13:01:21,952 INFO  [org.jboss.as] (MSC service thread 1-2) WFLYSRV0049: Keycloak 4.8.3.Final (WildFly Core 6.0.2.Final) starting
2021-04-28 13:01:21,960 DEBUG [org.jboss.as.config] (MSC service thread 1-2) Configured system properties:
	[Standalone] = 
	awt.toolkit = sun.awt.X11.XToolkit
	file.encoding = UTF-8
	file.encoding.pkg = sun.io
	file.separator = /
	java.awt.graphicsenv = sun.awt.X11GraphicsEnvironment
	java.awt.headless = true
	java.awt.printerjob = sun.print.PSPrinterJob
	java.class.path = /opt/jboss/keycloak/jboss-modules.jar
	java.class.version = 52.0
	java.endorsed.dirs = /usr/lib/jvm/java-1.8.0-openjdk-1.8.0.191.b12-0.el7_5.x86_64/jre/lib/endorsed
	java.ext.dirs = /usr/lib/jvm/java-1.8.0-openjdk-1.8.0.191.b12-0.el7_5.x86_64/jre/lib/ext:/usr/java/packages/lib/ext
	java.home = /usr/lib/jvm/java-1.8.0-openjdk-1.8.0.191.b12-0.el7_5.x86_64/jre
	java.io.tmpdir = /tmp
	java.library.path = /usr/java/packages/lib/amd64:/usr/lib64:/lib64:/lib:/usr/lib
	java.net.preferIPv4Stack = true
	java.runtime.name = OpenJDK Runtime Environment
	java.runtime.version = 1.8.0_191-b12
	java.specification.name = Java Platform API Specification
	java.specification.vendor = Oracle Corporation
	java.specification.version = 1.8
	java.util.logging.manager = org.jboss.logmanager.LogManager
	java.vendor = Oracle Corporation
	java.vendor.url = http://java.oracle.com/
	java.vendor.url.bug = http://bugreport.sun.com/bugreport/
	java.version = 1.8.0_191
	java.vm.info = mixed mode
	java.vm.name = OpenJDK 64-Bit Server VM
	java.vm.specification.name = Java Virtual Machine Specification
	java.vm.specification.vendor = Oracle Corporation
	java.vm.specification.version = 1.8
	java.vm.vendor = Oracle Corporation
	java.vm.version = 25.191-b12
	javax.management.builder.initial = org.jboss.as.jmx.PluggableMBeanServerBuilder
	jboss.bind.address = 0.0.0.0
	jboss.bind.address.private = 172.17.0.2
	jboss.home.dir = /opt/jboss/keycloak
	jboss.host.name = afd3f97edbc5
	jboss.modules.dir = /opt/jboss/keycloak/modules
	jboss.modules.system.pkgs = org.jboss.byteman
	jboss.node.name = afd3f97edbc5
	jboss.qualified.host.name = afd3f97edbc5
	jboss.server.base.dir = /opt/jboss/keycloak/standalone
	jboss.server.config.dir = /opt/jboss/keycloak/standalone/configuration
	jboss.server.data.dir = /opt/jboss/keycloak/standalone/data
	jboss.server.deploy.dir = /opt/jboss/keycloak/standalone/data/content
	jboss.server.log.dir = /opt/jboss/keycloak/standalone/log
	jboss.server.name = afd3f97edbc5
	jboss.server.persist.config = true
	jboss.server.temp.dir = /opt/jboss/keycloak/standalone/tmp
	line.separator = 

	logging.configuration = file:/opt/jboss/keycloak/standalone/configuration/logging.properties
	module.path = /opt/jboss/keycloak/modules
	org.jboss.boot.log.file = /opt/jboss/keycloak/standalone/log/server.log
	org.jboss.resolver.warning = true
	os.arch = amd64
	os.name = Linux
	os.version = 5.4.0-26-generic
	path.separator = :
	sun.arch.data.model = 64
	sun.boot.class.path = /usr/lib/jvm/java-1.8.0-openjdk-1.8.0.191.b12-0.el7_5.x86_64/jre/lib/resources.jar:/usr/lib/jvm/java-1.8.0-openjdk-1.8.0.191.b12-0.el7_5.x86_64/jre/lib/rt.jar:/usr/lib/jvm/java-1.8.0-openjdk-1.8.0.191.b12-0.el7_5.x86_64/jre/lib/sunrsasign.jar:/usr/lib/jvm/java-1.8.0-openjdk-1.8.0.191.b12-0.el7_5.x86_64/jre/lib/jsse.jar:/usr/lib/jvm/java-1.8.0-openjdk-1.8.0.191.b12-0.el7_5.x86_64/jre/lib/jce.jar:/usr/lib/jvm/java-1.8.0-openjdk-1.8.0.191.b12-0.el7_5.x86_64/jre/lib/charsets.jar:/usr/lib/jvm/java-1.8.0-openjdk-1.8.0.191.b12-0.el7_5.x86_64/jre/lib/jfr.jar:/usr/lib/jvm/java-1.8.0-openjdk-1.8.0.191.b12-0.el7_5.x86_64/jre/classes
	sun.boot.library.path = /usr/lib/jvm/java-1.8.0-openjdk-1.8.0.191.b12-0.el7_5.x86_64/jre/lib/amd64
	sun.cpu.endian = little
	sun.cpu.isalist = 
	sun.io.unicode.encoding = UnicodeLittle
	sun.java.command = /opt/jboss/keycloak/jboss-modules.jar -mp /opt/jboss/keycloak/modules org.jboss.as.standalone -Djboss.home.dir=/opt/jboss/keycloak -Djboss.server.base.dir=/opt/jboss/keycloak/standalone -Djboss.bind.address=172.17.0.2 -Djboss.bind.address.private=172.17.0.2 -c standalone-ha.xml -b 0.0.0.0
	sun.java.launcher = SUN_STANDARD
	sun.jnu.encoding = UTF-8
	sun.management.compiler = HotSpot 64-Bit Tiered Compilers
	sun.os.patch.level = unknown
	user.country = US
	user.dir = /opt/jboss
	user.home = /opt/jboss
	user.language = en
	user.name = jboss
	user.timezone = UTC
2021-04-28 13:01:21,965 DEBUG [org.jboss.as.config] (MSC service thread 1-2) VM Arguments: -D[Standalone] -Xms64m -Xmx512m -XX:MetaspaceSize=96M -XX:MaxMetaspaceSize=256m -Djava.net.preferIPv4Stack=true -Djboss.modules.system.pkgs=org.jboss.byteman -Djava.awt.headless=true -Dorg.jboss.boot.log.file=/opt/jboss/keycloak/standalone/log/server.log -Dlogging.configuration=file:/opt/jboss/keycloak/standalone/configuration/logging.properties 
2021-04-28 13:01:22,462 INFO  [org.jboss.vfs] (MSC service thread 1-3) VFS000002: Failed to clean existing content for temp file provider of type temp. Enable DEBUG level log to find what caused this
2021-04-28 13:01:25,566 INFO  [org.wildfly.security] (ServerService Thread Pool -- 20) ELY00001: WildFly Elytron version 1.6.0.Final
2021-04-28 13:01:30,866 INFO  [org.jboss.as.controller.management-deprecated] (Controller Boot Thread) WFLYCTL0028: Attribute 'security-realm' in the resource at address '/core-service=management/management-interface=http-interface' is deprecated, and may be removed in a future version. See the attribute description in the output of the read-resource-description operation to learn more about the deprecation.
2021-04-28 13:01:31,470 INFO  [org.jboss.as.controller.management-deprecated] (ServerService Thread Pool -- 26) WFLYCTL0028: Attribute 'security-realm' in the resource at address '/subsystem=undertow/server=default-server/https-listener=https' is deprecated, and may be removed in a future version. See the attribute description in the output of the read-resource-description operation to learn more about the deprecation.
2021-04-28 13:01:32,013 INFO  [org.jboss.as.repository] (ServerService Thread Pool -- 12) WFLYDR0001: Content added at location /opt/jboss/keycloak/standalone/data/content/88/9d5ac41b0f6fa6ded73f83a27a23420f5368df/content
2021-04-28 13:01:32,546 INFO  [org.jboss.as.server] (Controller Boot Thread) WFLYSRV0039: Creating http management service using socket-binding (management-http)
2021-04-28 13:01:32,701 INFO  [org.xnio] (MSC service thread 1-3) XNIO version 3.6.5.Final
2021-04-28 13:01:32,734 INFO  [org.xnio.nio] (MSC service thread 1-3) XNIO NIO Implementation Version 3.6.5.Final
2021-04-28 13:01:33,331 INFO  [org.jboss.remoting] (MSC service thread 1-2) JBoss Remoting version 5.0.8.Final
2021-04-28 13:01:33,411 INFO  [org.jboss.as.clustering.infinispan] (ServerService Thread Pool -- 35) WFLYCLINF0001: Activating Infinispan subsystem.
2021-04-28 13:01:33,383 WARN  [org.jboss.as.txn] (ServerService Thread Pool -- 50) WFLYTX0013: The node-identifier attribute on the /subsystem=transactions is set to the default value. This is a danger for environments running multiple servers. Please make sure the attribute value is unique.
2021-04-28 13:01:33,433 INFO  [org.jboss.as.security] (ServerService Thread Pool -- 48) WFLYSEC0002: Activating Security Subsystem
2021-04-28 13:01:33,541 INFO  [org.jboss.as.naming] (ServerService Thread Pool -- 45) WFLYNAM0001: Activating Naming Subsystem
2021-04-28 13:01:33,558 INFO  [org.jboss.as.clustering.jgroups] (ServerService Thread Pool -- 39) WFLYCLJG0001: Activating JGroups subsystem. JGroups version 4.0.13
2021-04-28 13:01:33,552 INFO  [org.jboss.as.security] (MSC service thread 1-1) WFLYSEC0001: Current PicketBox version=5.0.3.Final
2021-04-28 13:01:33,665 INFO  [org.wildfly.extension.io] (ServerService Thread Pool -- 36) WFLYIO001: Worker 'default' has auto-configured to 4 core threads with 32 task threads based on your 2 available processors
2021-04-28 13:01:33,890 INFO  [org.jboss.as.mail.extension] (MSC service thread 1-3) WFLYMAIL0002: Unbound mail session [java:jboss/mail/Default]
2021-04-28 13:01:34,560 INFO  [org.jboss.as.jaxrs] (ServerService Thread Pool -- 37) WFLYRS0016: RESTEasy version 3.6.1.Final
2021-04-28 13:01:34,797 INFO  [org.wildfly.extension.undertow] (MSC service thread 1-2) WFLYUT0003: Undertow 2.0.13.Final starting
2021-04-28 13:01:35,993 INFO  [org.jboss.as.connector.subsystems.datasources] (ServerService Thread Pool -- 30) WFLYJCA0004: Deploying JDBC-compliant driver class org.h2.Driver (version 1.4)
2021-04-28 13:01:36,197 INFO  [org.jboss.as.naming] (MSC service thread 1-4) WFLYNAM0003: Starting Naming Service
2021-04-28 13:01:36,300 INFO  [org.jboss.as.connector] (MSC service thread 1-4) WFLYJCA0009: Starting JCA Subsystem (WildFly/IronJacamar 1.4.11.Final)
2021-04-28 13:01:36,660 INFO  [org.jboss.as.connector.deployers.jdbc] (MSC service thread 1-4) WFLYJCA0018: Started Driver service with driver-name = h2
2021-04-28 13:01:36,679 INFO  [org.jboss.as.mail.extension] (MSC service thread 1-1) WFLYMAIL0001: Bound mail session [java:jboss/mail/Default]
2021-04-28 13:01:36,770 INFO  [org.jboss.as.connector.subsystems.datasources] (MSC service thread 1-4) WFLYJCA0010: Unbound data source [java:jboss/datasources/ExampleDS]
2021-04-28 13:01:37,038 INFO  [org.jboss.as.connector.subsystems.datasources] (MSC service thread 1-2) WFLYJCA0010: Unbound data source [java:jboss/datasources/KeycloakDS]
2021-04-28 13:01:38,304 INFO  [org.wildfly.extension.undertow] (ServerService Thread Pool -- 51) WFLYUT0014: Creating file handler for path '/opt/jboss/keycloak/welcome-content' with options [directory-listing: 'false', follow-symlink: 'false', case-sensitive: 'true', safe-symlink-paths: '[]']
2021-04-28 13:01:38,680 INFO  [org.jboss.as.ejb3] (MSC service thread 1-4) WFLYEJB0481: Strict pool slsb-strict-max-pool is using a max instance size of 32 (per class), which is derived from thread worker pool sizing.
2021-04-28 13:01:38,680 INFO  [org.jboss.as.ejb3] (MSC service thread 1-3) WFLYEJB0482: Strict pool mdb-strict-max-pool is using a max instance size of 8 (per class), which is derived from the number of CPUs on this host.
2021-04-28 13:01:38,863 INFO  [org.wildfly.extension.undertow] (MSC service thread 1-4) WFLYUT0012: Started server default-server.
2021-04-28 13:01:38,925 INFO  [org.wildfly.extension.undertow] (MSC service thread 1-3) WFLYUT0018: Host default-host starting
2021-04-28 13:01:39,901 INFO  [org.jboss.as.ejb3] (MSC service thread 1-2) WFLYEJB0493: EJB subsystem suspension complete
2021-04-28 13:01:40,171 INFO  [org.wildfly.extension.undertow] (MSC service thread 1-4) WFLYUT0006: Undertow AJP listener ajp listening on 0.0.0.0:8009
2021-04-28 13:01:40,193 INFO  [org.wildfly.extension.undertow] (MSC service thread 1-3) WFLYUT0006: Undertow HTTP listener default listening on 0.0.0.0:8080
2021-04-28 13:01:40,271 INFO  [org.jboss.modcluster] (ServerService Thread Pool -- 52) MODCLUSTER000001: Initializing mod_cluster version 1.4.0.Final
2021-04-28 13:01:40,451 INFO  [org.jboss.modcluster] (ServerService Thread Pool -- 52) MODCLUSTER000032: Listening to proxy advertisements on /224.0.1.105:23364
2021-04-28 13:01:41,049 INFO  [org.jboss.as.connector.subsystems.datasources] (MSC service thread 1-3) WFLYJCA0001: Bound data source [java:jboss/datasources/KeycloakDS]
2021-04-28 13:01:41,051 INFO  [org.jboss.as.connector.subsystems.datasources] (MSC service thread 1-3) WFLYJCA0001: Bound data source [java:jboss/datasources/ExampleDS]
2021-04-28 13:01:41,346 INFO  [org.jboss.as.patching] (MSC service thread 1-4) WFLYPAT0050: Keycloak cumulative patch ID is: base, one-off patches include: none
2021-04-28 13:01:41,486 WARN  [org.jboss.as.domain.management.security] (MSC service thread 1-1) WFLYDM0111: Keystore /opt/jboss/keycloak/standalone/configuration/application.keystore not found, it will be auto generated on first use with a self signed certificate for host localhost
